[[ tc1
9 0
0 6 0 1 0 4 0 5 0
0 0 8 3 0 5 6 0 0
2 0 0 0 0 0 0 0 1
8 0 0 4 0 7 0 0 6
0 0 6 0 0 0 3 0 0
7 0 0 9 0 1 0 0 4
5 0 0 0 0 0 0 0 2
0 0 7 2 0 6 9 0 0
0 4 0 5 0 8 0 7 0
]]
[[ tc2
9 0
0 0 2 0 5 0 0 0 6
0 0 0 0 0 4 0 7 0
1 0 8 0 9 0 0 0 0
0 0 0 7 0 6 0 8 0
7 0 6 0 0 0 2 0 4
0 8 0 5 0 2 0 0 0
0 0 0 0 1 0 3 0 8
0 9 0 4 0 0 0 0 0
8 0 0 0 2 0 4 0 0
]]
[[ tc3
9 0
0 0 0 0 3 0 6 8 0
0 0 0 7 0 0 2 0 9
1 0 2 5 0 0 0 0 0
0 9 0 2 0 6 0 0 0
0 0 0 0 4 9 0 0 1
3 4 5 0 7 0 0 2 0
0 8 7 0 0 0 0 0 0
0 0 0 0 2 0 5 0 0
0 0 0 0 8 3 0 0 0
]]
[[ tc4
9 34
A 12
B 15
C 9
D 10
E 27
F 7
G 16
H 14
I 3
J 11
K 13
L 10
M 12
N 18
O 7
P 14
Q 15
R 9
S 11
T 14
U 11
V 10
W 15
X 13
Y 8
Z 7
* 9
@ 9
% 7
& 19
~ 13
# 15
^ 10
+ 12
A0 B0 B6 C0 D5 D0 D0 E8 E0
A0 A0 F0 C2 G0 H8 I0 E0 E0
J8 J0 F0 K4 G9 H0 L0 L0 M0
N3 N0 N0 K0 G0 O0 L0 P0 M0
Q0 Q2 Q9 R0 R8 O0 P0 P6 S0
T5 U6 U0 V0 V0 W0 W9 W2 S0
T0 X0 U0 Y5 Y0 Z0 Z6 *7 *0
@2 X5 %0 &0 ~0 ~9 #0 #0 ^0
@0 @0 &3 &0 &2 +0 +0 #4 ^0
]]
[[ tc5
9 34
A 14
B 1
C 20
D 6
E 16
F 8
G 5
H 11
I 12
J 14
K 12
L 24
M 11
N 1
O 24
P 6
Q 5
R 8
S 12
T 5
U 15
V 11
W 11
X 19
Y 8
Z 18
~ 23
! 11
@ 19
^ 3
% 22
& 7
* 9
$ 14
A0 B0 C0 D4 E0 E0 F0 G0 G0
A0 C0 C6 D0 E0 I0 H0 H0 M0
J0 J0 C0 K0 K0 I0 I1 L0 M0
N0 J0 O0 O0 P0 Q0 Q0 L0 L0
R0 O7 O0 S0 S0 T0 U0 V0 V0
R0 X0 X0 S0 W7 W0 U0 U0 Y0
!0 @0 X0 %0 ~3 Z0 Z0 Z8 Y0
!0 @0 %0 %0 ~0 ~7 ~0 ~0 Y3
^0 @8 &0 &0 ~0 *0 $0 $0 $0
]]
[[ tc6
9 32
A 17
B 14
C 9
D 20
E 11
F 14
G 13
H 17
I 15
J 5
K 16
L 10
M 9
N 15
O 7
P 16
Q 17
R 20
S 6
T 9
U 15
V 13
W 12
X 14
Y 10
Z 9
~ 14
@ 6
$ 18
& 9
* 14
# 11
A0 B0 B0 C0 C0 E0 F0 F0 G0
A0 B0 B0 D0 D0 E0 F0 G0 G0
J0 K0 L0 D0 D0 N0 H0 H0 I0
J0 K0 L0 M0 M0 N0 N0 V0 I0
O0 O0 P0 R0 S0 S0 U0 V0 I0
Q0 P0 P0 R0 T0 T0 U0 W0 I0
Q0 Q0 Q0 R0 @0 $0 &0 W0 W0
X0 X0 Z0 ~0 @0 $0 &0 *0 #0
Y0 Y0 Z0 ~0 ~0 $0 *0 *0 #0
]]